The target system is: Generic -  - 
The host system is: Linux - 5.4.0-77-generic - x86_64
Compiling the C compiler identification source file "CMakeCCompilerId.c" succeeded.
Compiler: /opt/ti/msp430-gcc/bin/msp430-elf-gcc 
Build flags: 
Id flags:  

The output was:
0


Compilation of the C compiler identification source "CMakeCCompilerId.c" produced "a.out"

The C compiler identification is GNU, found in "/home/robert/gpsdo/msp430/build/CMakeFiles/3.16.3/CompilerIdC/a.out"

Compiling the CXX compiler identification source file "CMakeCXXCompilerId.cpp" succeeded.
Compiler: /opt/ti/msp430-gcc/bin/msp430-elf-g++ 
Build flags: 
Id flags:  

The output was:
0


Compilation of the CXX compiler identification source "CMakeCXXCompilerId.cpp" produced "a.out"

The CXX compiler identification is GNU, found in "/home/robert/gpsdo/msp430/build/CMakeFiles/3.16.3/CompilerIdCXX/a.out"

Detecting C compiler ABI info compiled with the following output:
Change Dir: /home/robert/gpsdo/msp430/build/CMakeFiles/CMakeTmp

Run Build Command(s):/usr/bin/gmake cmTC_25e0a/fast && /usr/bin/gmake -f CMakeFiles/cmTC_25e0a.dir/build.make CMakeFiles/cmTC_25e0a.dir/build
gmake[1]: Entering directory '/home/robert/gpsdo/msp430/build/CMakeFiles/CMakeTmp'
Building C object CMakeFiles/cmTC_25e0a.dir/CMakeCCompilerABI.c.obj
/opt/ti/msp430-gcc/bin/msp430-elf-gcc   -v -o CMakeFiles/cmTC_25e0a.dir/CMakeCCompilerABI.c.obj   -c /usr/share/cmake-3.16/Modules/CMakeCCompilerABI.c
Using built-in specs.
COLLECT_GCC=/opt/ti/msp430-gcc/bin/msp430-elf-gcc
Target: msp430-elf
Configured with: ../../gcc/configure --target=msp430-elf --enable-languages=c,c++ --disable-nls --enable-initfini-array --build=x86_64-pc-linux-gnu --host=x86_64-pc-linux-gnu --enable-target-optspace --enable-newlib-nano-formatted-io --with-pkgversion='Mitto Systems Limited - msp430-gcc 9.3.1.11'
Thread model: single
gcc version 9.3.1 (Mitto Systems Limited - msp430-gcc 9.3.1.11) 
COLLECT_GCC_OPTIONS='-v' '-o' 'CMakeFiles/cmTC_25e0a.dir/CMakeCCompilerABI.c.obj' '-c'
 /opt/ti/msp430-gcc/bin/../libexec/gcc/msp430-elf/9.3.1/cc1 -quiet -v -iprefix /opt/ti/msp430-gcc/bin/../lib/gcc/msp430-elf/9.3.1/ /usr/share/cmake-3.16/Modules/CMakeCCompilerABI.c -quiet -dumpbase CMakeCCompilerABI.c -auxbase-strip CMakeFiles/cmTC_25e0a.dir/CMakeCCompilerABI.c.obj -version -o /tmp/ccm82oWB.s
GNU C17 (Mitto Systems Limited - msp430-gcc 9.3.1.11) version 9.3.1 (msp430-elf)
	compiled by GNU C version 4.8.5 20150623 (Red Hat 4.8.5-39), GMP version 6.1.0, MPFR version 3.1.4, MPC version 1.0.3, isl version isl-0.18-GMP

GGC heuristics: --param ggc-min-expand=100 --param ggc-min-heapsize=131072
ignoring nonexistent directory "/opt/ti/msp430-gcc/bin/../lib/gcc/msp430-elf/9.3.1/../../../../msp430-elf/sys-include"
ignoring duplicate directory "/opt/ti/msp430-gcc/bin/../lib/gcc/../../lib/gcc/msp430-elf/9.3.1/include"
ignoring duplicate directory "/opt/ti/msp430-gcc/bin/../lib/gcc/../../lib/gcc/msp430-elf/9.3.1/include-fixed"
ignoring nonexistent directory "/opt/ti/msp430-gcc/bin/../lib/gcc/../../lib/gcc/msp430-elf/9.3.1/../../../../msp430-elf/sys-include"
ignoring duplicate directory "/opt/ti/msp430-gcc/bin/../lib/gcc/../../lib/gcc/msp430-elf/9.3.1/../../../../msp430-elf/include"
#include "..." search starts here:
#include <...> search starts here:
 /opt/ti/msp430-gcc/bin/../lib/gcc/msp430-elf/9.3.1/include
 /opt/ti/msp430-gcc/bin/../lib/gcc/msp430-elf/9.3.1/include-fixed
 /opt/ti/msp430-gcc/bin/../lib/gcc/msp430-elf/9.3.1/../../../../msp430-elf/include
End of search list.
GNU C17 (Mitto Systems Limited - msp430-gcc 9.3.1.11) version 9.3.1 (msp430-elf)
	compiled by GNU C version 4.8.5 20150623 (Red Hat 4.8.5-39), GMP version 6.1.0, MPFR version 3.1.4, MPC version 1.0.3, isl version isl-0.18-GMP

GGC heuristics: --param ggc-min-expand=100 --param ggc-min-heapsize=131072
Compiler executable checksum: f2bd678b4f0a5fd939d47c71b748e8c2
COLLECT_GCC_OPTIONS='-v' '-o' 'CMakeFiles/cmTC_25e0a.dir/CMakeCCompilerABI.c.obj' '-c'
 /opt/ti/msp430-gcc/bin/../lib/gcc/msp430-elf/9.3.1/../../../../msp430-elf/bin/as --traditional-format -mP -o CMakeFiles/cmTC_25e0a.dir/CMakeCCompilerABI.c.obj /tmp/ccm82oWB.s
COMPILER_PATH=/opt/ti/msp430-gcc/bin/../libexec/gcc/msp430-elf/9.3.1/:/opt/ti/msp430-gcc/bin/../libexec/gcc/:/opt/ti/msp430-gcc/bin/../lib/gcc/msp430-elf/9.3.1/../../../../msp430-elf/bin/
LIBRARY_PATH=/opt/ti/msp430-gcc/bin/../lib/gcc/msp430-elf/9.3.1/:/opt/ti/msp430-gcc/bin/../lib/gcc/:/opt/ti/msp430-gcc/bin/../lib/gcc/msp430-elf/9.3.1/../../../../msp430-elf/lib/
COLLECT_GCC_OPTIONS='-v' '-o' 'CMakeFiles/cmTC_25e0a.dir/CMakeCCompilerABI.c.obj' '-c'
Linking C executable cmTC_25e0a
/usr/bin/cmake -E cmake_link_script CMakeFiles/cmTC_25e0a.dir/link.txt --verbose=1
/opt/ti/msp430-gcc/bin/msp430-elf-gcc     -v CMakeFiles/cmTC_25e0a.dir/CMakeCCompilerABI.c.obj  -o cmTC_25e0a 
Using built-in specs.
COLLECT_GCC=/opt/ti/msp430-gcc/bin/msp430-elf-gcc
COLLECT_LTO_WRAPPER=/opt/ti/msp430-gcc/bin/../libexec/gcc/msp430-elf/9.3.1/lto-wrapper
Target: msp430-elf
Configured with: ../../gcc/configure --target=msp430-elf --enable-languages=c,c++ --disable-nls --enable-initfini-array --build=x86_64-pc-linux-gnu --host=x86_64-pc-linux-gnu --enable-target-optspace --enable-newlib-nano-formatted-io --with-pkgversion='Mitto Systems Limited - msp430-gcc 9.3.1.11'
Thread model: single
gcc version 9.3.1 (Mitto Systems Limited - msp430-gcc 9.3.1.11) 
COMPILER_PATH=/opt/ti/msp430-gcc/bin/../libexec/gcc/msp430-elf/9.3.1/:/opt/ti/msp430-gcc/bin/../libexec/gcc/:/opt/ti/msp430-gcc/bin/../lib/gcc/msp430-elf/9.3.1/../../../../msp430-elf/bin/
LIBRARY_PATH=/opt/ti/msp430-gcc/bin/../lib/gcc/msp430-elf/9.3.1/:/opt/ti/msp430-gcc/bin/../lib/gcc/:/opt/ti/msp430-gcc/bin/../lib/gcc/msp430-elf/9.3.1/../../../../msp430-elf/lib/
COLLECT_GCC_OPTIONS='-v' '-o' 'cmTC_25e0a'
 /opt/ti/msp430-gcc/bin/../libexec/gcc/msp430-elf/9.3.1/collect2 -plugin /opt/ti/msp430-gcc/bin/../libexec/gcc/msp430-elf/9.3.1/liblto_plugin.so -plugin-opt=/opt/ti/msp430-gcc/bin/../libexec/gcc/msp430-elf/9.3.1/lto-wrapper -plugin-opt=-fresolution=/tmp/ccdDz5Q2.res -plugin-opt=-pass-through=-lgcc -plugin-opt=-pass-through=-lmul_none -plugin-opt=-pass-through=-lc -plugin-opt=-pass-through=-lgcc -plugin-opt=-pass-through=-lcrt -plugin-opt=-pass-through=-lnosys -plugin-opt=-pass-through=-lgcc --gc-sections -o cmTC_25e0a /opt/ti/msp430-gcc/bin/../lib/gcc/msp430-elf/9.3.1/../../../../msp430-elf/lib/crt0.o /opt/ti/msp430-gcc/bin/../lib/gcc/msp430-elf/9.3.1/crtbegin_no_eh.o -L/opt/ti/msp430-gcc/bin/../lib/gcc/msp430-elf/9.3.1 -L/opt/ti/msp430-gcc/bin/../lib/gcc -L/opt/ti/msp430-gcc/bin/../lib/gcc/msp430-elf/9.3.1/../../../../msp430-elf/lib CMakeFiles/cmTC_25e0a.dir/CMakeCCompilerABI.c.obj -lgcc --start-group -lmul_none -lc -lgcc -lcrt -lnosys --end-group -lgcc /opt/ti/msp430-gcc/bin/../lib/gcc/msp430-elf/9.3.1/crtend_no_eh.o -lgcc
COLLECT_GCC_OPTIONS='-v' '-o' 'cmTC_25e0a'
gmake[1]: Leaving directory '/home/robert/gpsdo/msp430/build/CMakeFiles/CMakeTmp'



Parsed C implicit include dir info from above output: rv=done
  found start of include info
  found start of implicit include info
    add: [/opt/ti/msp430-gcc/bin/../lib/gcc/msp430-elf/9.3.1/include]
    add: [/opt/ti/msp430-gcc/bin/../lib/gcc/msp430-elf/9.3.1/include-fixed]
    add: [/opt/ti/msp430-gcc/bin/../lib/gcc/msp430-elf/9.3.1/../../../../msp430-elf/include]
  end of search list found
  collapse include dir [/opt/ti/msp430-gcc/bin/../lib/gcc/msp430-elf/9.3.1/include] ==> [/opt/ti/msp430-gcc/lib/gcc/msp430-elf/9.3.1/include]
  collapse include dir [/opt/ti/msp430-gcc/bin/../lib/gcc/msp430-elf/9.3.1/include-fixed] ==> [/opt/ti/msp430-gcc/lib/gcc/msp430-elf/9.3.1/include-fixed]
  collapse include dir [/opt/ti/msp430-gcc/bin/../lib/gcc/msp430-elf/9.3.1/../../../../msp430-elf/include] ==> [/opt/ti/msp430-gcc/msp430-elf/include]
  implicit include dirs: [/opt/ti/msp430-gcc/lib/gcc/msp430-elf/9.3.1/include;/opt/ti/msp430-gcc/lib/gcc/msp430-elf/9.3.1/include-fixed;/opt/ti/msp430-gcc/msp430-elf/include]


Parsed C implicit link information from above output:
  link line regex: [^( *|.*[/\])(msp430-elf-ld|CMAKE_LINK_STARTFILE-NOTFOUND|([^/\]+-)?ld|collect2)[^/\]*( |$)]
  ignore line: [Change Dir: /home/robert/gpsdo/msp430/build/CMakeFiles/CMakeTmp]
  ignore line: []
  ignore line: [Run Build Command(s):/usr/bin/gmake cmTC_25e0a/fast && /usr/bin/gmake -f CMakeFiles/cmTC_25e0a.dir/build.make CMakeFiles/cmTC_25e0a.dir/build]
  ignore line: [gmake[1]: Entering directory '/home/robert/gpsdo/msp430/build/CMakeFiles/CMakeTmp']
  ignore line: [Building C object CMakeFiles/cmTC_25e0a.dir/CMakeCCompilerABI.c.obj]
  ignore line: [/opt/ti/msp430-gcc/bin/msp430-elf-gcc   -v -o CMakeFiles/cmTC_25e0a.dir/CMakeCCompilerABI.c.obj   -c /usr/share/cmake-3.16/Modules/CMakeCCompilerABI.c]
  ignore line: [Using built-in specs.]
  ignore line: [COLLECT_GCC=/opt/ti/msp430-gcc/bin/msp430-elf-gcc]
  ignore line: [Target: msp430-elf]
  ignore line: [Configured with: ../../gcc/configure --target=msp430-elf --enable-languages=c c++ --disable-nls --enable-initfini-array --build=x86_64-pc-linux-gnu --host=x86_64-pc-linux-gnu --enable-target-optspace --enable-newlib-nano-formatted-io --with-pkgversion='Mitto Systems Limited - msp430-gcc 9.3.1.11']
  ignore line: [Thread model: single]
  ignore line: [gcc version 9.3.1 (Mitto Systems Limited - msp430-gcc 9.3.1.11) ]
  ignore line: [COLLECT_GCC_OPTIONS='-v' '-o' 'CMakeFiles/cmTC_25e0a.dir/CMakeCCompilerABI.c.obj' '-c']
  ignore line: [ /opt/ti/msp430-gcc/bin/../libexec/gcc/msp430-elf/9.3.1/cc1 -quiet -v -iprefix /opt/ti/msp430-gcc/bin/../lib/gcc/msp430-elf/9.3.1/ /usr/share/cmake-3.16/Modules/CMakeCCompilerABI.c -quiet -dumpbase CMakeCCompilerABI.c -auxbase-strip CMakeFiles/cmTC_25e0a.dir/CMakeCCompilerABI.c.obj -version -o /tmp/ccm82oWB.s]
  ignore line: [GNU C17 (Mitto Systems Limited - msp430-gcc 9.3.1.11) version 9.3.1 (msp430-elf)]
  ignore line: [	compiled by GNU C version 4.8.5 20150623 (Red Hat 4.8.5-39)  GMP version 6.1.0  MPFR version 3.1.4  MPC version 1.0.3  isl version isl-0.18-GMP]
  ignore line: []
  ignore line: [GGC heuristics: --param ggc-min-expand=100 --param ggc-min-heapsize=131072]
  ignore line: [ignoring nonexistent directory "/opt/ti/msp430-gcc/bin/../lib/gcc/msp430-elf/9.3.1/../../../../msp430-elf/sys-include"]
  ignore line: [ignoring duplicate directory "/opt/ti/msp430-gcc/bin/../lib/gcc/../../lib/gcc/msp430-elf/9.3.1/include"]
  ignore line: [ignoring duplicate directory "/opt/ti/msp430-gcc/bin/../lib/gcc/../../lib/gcc/msp430-elf/9.3.1/include-fixed"]
  ignore line: [ignoring nonexistent directory "/opt/ti/msp430-gcc/bin/../lib/gcc/../../lib/gcc/msp430-elf/9.3.1/../../../../msp430-elf/sys-include"]
  ignore line: [ignoring duplicate directory "/opt/ti/msp430-gcc/bin/../lib/gcc/../../lib/gcc/msp430-elf/9.3.1/../../../../msp430-elf/include"]
  ignore line: [#include "..." search starts here:]
  ignore line: [#include <...> search starts here:]
  ignore line: [ /opt/ti/msp430-gcc/bin/../lib/gcc/msp430-elf/9.3.1/include]
  ignore line: [ /opt/ti/msp430-gcc/bin/../lib/gcc/msp430-elf/9.3.1/include-fixed]
  ignore line: [ /opt/ti/msp430-gcc/bin/../lib/gcc/msp430-elf/9.3.1/../../../../msp430-elf/include]
  ignore line: [End of search list.]
  ignore line: [GNU C17 (Mitto Systems Limited - msp430-gcc 9.3.1.11) version 9.3.1 (msp430-elf)]
  ignore line: [	compiled by GNU C version 4.8.5 20150623 (Red Hat 4.8.5-39)  GMP version 6.1.0  MPFR version 3.1.4  MPC version 1.0.3  isl version isl-0.18-GMP]
  ignore line: []
  ignore line: [GGC heuristics: --param ggc-min-expand=100 --param ggc-min-heapsize=131072]
  ignore line: [Compiler executable checksum: f2bd678b4f0a5fd939d47c71b748e8c2]
  ignore line: [COLLECT_GCC_OPTIONS='-v' '-o' 'CMakeFiles/cmTC_25e0a.dir/CMakeCCompilerABI.c.obj' '-c']
  ignore line: [ /opt/ti/msp430-gcc/bin/../lib/gcc/msp430-elf/9.3.1/../../../../msp430-elf/bin/as --traditional-format -mP -o CMakeFiles/cmTC_25e0a.dir/CMakeCCompilerABI.c.obj /tmp/ccm82oWB.s]
  ignore line: [COMPILER_PATH=/opt/ti/msp430-gcc/bin/../libexec/gcc/msp430-elf/9.3.1/:/opt/ti/msp430-gcc/bin/../libexec/gcc/:/opt/ti/msp430-gcc/bin/../lib/gcc/msp430-elf/9.3.1/../../../../msp430-elf/bin/]
  ignore line: [LIBRARY_PATH=/opt/ti/msp430-gcc/bin/../lib/gcc/msp430-elf/9.3.1/:/opt/ti/msp430-gcc/bin/../lib/gcc/:/opt/ti/msp430-gcc/bin/../lib/gcc/msp430-elf/9.3.1/../../../../msp430-elf/lib/]
  ignore line: [COLLECT_GCC_OPTIONS='-v' '-o' 'CMakeFiles/cmTC_25e0a.dir/CMakeCCompilerABI.c.obj' '-c']
  ignore line: [Linking C executable cmTC_25e0a]
  ignore line: [/usr/bin/cmake -E cmake_link_script CMakeFiles/cmTC_25e0a.dir/link.txt --verbose=1]
  ignore line: [/opt/ti/msp430-gcc/bin/msp430-elf-gcc     -v CMakeFiles/cmTC_25e0a.dir/CMakeCCompilerABI.c.obj  -o cmTC_25e0a ]
  ignore line: [Using built-in specs.]
  ignore line: [COLLECT_GCC=/opt/ti/msp430-gcc/bin/msp430-elf-gcc]
  ignore line: [COLLECT_LTO_WRAPPER=/opt/ti/msp430-gcc/bin/../libexec/gcc/msp430-elf/9.3.1/lto-wrapper]
  ignore line: [Target: msp430-elf]
  ignore line: [Configured with: ../../gcc/configure --target=msp430-elf --enable-languages=c c++ --disable-nls --enable-initfini-array --build=x86_64-pc-linux-gnu --host=x86_64-pc-linux-gnu --enable-target-optspace --enable-newlib-nano-formatted-io --with-pkgversion='Mitto Systems Limited - msp430-gcc 9.3.1.11']
  ignore line: [Thread model: single]
  ignore line: [gcc version 9.3.1 (Mitto Systems Limited - msp430-gcc 9.3.1.11) ]
  ignore line: [COMPILER_PATH=/opt/ti/msp430-gcc/bin/../libexec/gcc/msp430-elf/9.3.1/:/opt/ti/msp430-gcc/bin/../libexec/gcc/:/opt/ti/msp430-gcc/bin/../lib/gcc/msp430-elf/9.3.1/../../../../msp430-elf/bin/]
  ignore line: [LIBRARY_PATH=/opt/ti/msp430-gcc/bin/../lib/gcc/msp430-elf/9.3.1/:/opt/ti/msp430-gcc/bin/../lib/gcc/:/opt/ti/msp430-gcc/bin/../lib/gcc/msp430-elf/9.3.1/../../../../msp430-elf/lib/]
  ignore line: [COLLECT_GCC_OPTIONS='-v' '-o' 'cmTC_25e0a']
  link line: [ /opt/ti/msp430-gcc/bin/../libexec/gcc/msp430-elf/9.3.1/collect2 -plugin /opt/ti/msp430-gcc/bin/../libexec/gcc/msp430-elf/9.3.1/liblto_plugin.so -plugin-opt=/opt/ti/msp430-gcc/bin/../libexec/gcc/msp430-elf/9.3.1/lto-wrapper -plugin-opt=-fresolution=/tmp/ccdDz5Q2.res -plugin-opt=-pass-through=-lgcc -plugin-opt=-pass-through=-lmul_none -plugin-opt=-pass-through=-lc -plugin-opt=-pass-through=-lgcc -plugin-opt=-pass-through=-lcrt -plugin-opt=-pass-through=-lnosys -plugin-opt=-pass-through=-lgcc --gc-sections -o cmTC_25e0a /opt/ti/msp430-gcc/bin/../lib/gcc/msp430-elf/9.3.1/../../../../msp430-elf/lib/crt0.o /opt/ti/msp430-gcc/bin/../lib/gcc/msp430-elf/9.3.1/crtbegin_no_eh.o -L/opt/ti/msp430-gcc/bin/../lib/gcc/msp430-elf/9.3.1 -L/opt/ti/msp430-gcc/bin/../lib/gcc -L/opt/ti/msp430-gcc/bin/../lib/gcc/msp430-elf/9.3.1/../../../../msp430-elf/lib CMakeFiles/cmTC_25e0a.dir/CMakeCCompilerABI.c.obj -lgcc --start-group -lmul_none -lc -lgcc -lcrt -lnosys --end-group -lgcc /opt/ti/msp430-gcc/bin/../lib/gcc/msp430-elf/9.3.1/crtend_no_eh.o -lgcc]
    arg [/opt/ti/msp430-gcc/bin/../libexec/gcc/msp430-elf/9.3.1/collect2] ==> ignore
    arg [-plugin] ==> ignore
    arg [/opt/ti/msp430-gcc/bin/../libexec/gcc/msp430-elf/9.3.1/liblto_plugin.so] ==> ignore
    arg [-plugin-opt=/opt/ti/msp430-gcc/bin/../libexec/gcc/msp430-elf/9.3.1/lto-wrapper] ==> ignore
    arg [-plugin-opt=-fresolution=/tmp/ccdDz5Q2.res] ==> ignore
    arg [-plugin-opt=-pass-through=-lgcc] ==> ignore
    arg [-plugin-opt=-pass-through=-lmul_none] ==> ignore
    arg [-plugin-opt=-pass-through=-lc] ==> ignore
    arg [-plugin-opt=-pass-through=-lgcc] ==> ignore
    arg [-plugin-opt=-pass-through=-lcrt] ==> ignore
    arg [-plugin-opt=-pass-through=-lnosys] ==> ignore
    arg [-plugin-opt=-pass-through=-lgcc] ==> ignore
    arg [--gc-sections] ==> ignore
    arg [-o] ==> ignore
    arg [cmTC_25e0a] ==> ignore
    arg [/opt/ti/msp430-gcc/bin/../lib/gcc/msp430-elf/9.3.1/../../../../msp430-elf/lib/crt0.o] ==> ignore
    arg [/opt/ti/msp430-gcc/bin/../lib/gcc/msp430-elf/9.3.1/crtbegin_no_eh.o] ==> ignore
    arg [-L/opt/ti/msp430-gcc/bin/../lib/gcc/msp430-elf/9.3.1] ==> dir [/opt/ti/msp430-gcc/bin/../lib/gcc/msp430-elf/9.3.1]
    arg [-L/opt/ti/msp430-gcc/bin/../lib/gcc] ==> dir [/opt/ti/msp430-gcc/bin/../lib/gcc]
    arg [-L/opt/ti/msp430-gcc/bin/../lib/gcc/msp430-elf/9.3.1/../../../../msp430-elf/lib] ==> dir [/opt/ti/msp430-gcc/bin/../lib/gcc/msp430-elf/9.3.1/../../../../msp430-elf/lib]
    arg [CMakeFiles/cmTC_25e0a.dir/CMakeCCompilerABI.c.obj] ==> ignore
    arg [-lgcc] ==> lib [gcc]
    arg [--start-group] ==> ignore
    arg [-lmul_none] ==> lib [mul_none]
    arg [-lc] ==> lib [c]
    arg [-lgcc] ==> lib [gcc]
    arg [-lcrt] ==> lib [crt]
    arg [-lnosys] ==> lib [nosys]
    arg [--end-group] ==> ignore
    arg [-lgcc] ==> lib [gcc]
    arg [/opt/ti/msp430-gcc/bin/../lib/gcc/msp430-elf/9.3.1/crtend_no_eh.o] ==> ignore
    arg [-lgcc] ==> lib [gcc]
  collapse library dir [/opt/ti/msp430-gcc/bin/../lib/gcc/msp430-elf/9.3.1] ==> [/opt/ti/msp430-gcc/lib/gcc/msp430-elf/9.3.1]
  collapse library dir [/opt/ti/msp430-gcc/bin/../lib/gcc] ==> [/opt/ti/msp430-gcc/lib/gcc]
  collapse library dir [/opt/ti/msp430-gcc/bin/../lib/gcc/msp430-elf/9.3.1/../../../../msp430-elf/lib] ==> [/opt/ti/msp430-gcc/msp430-elf/lib]
  implicit libs: [gcc;mul_none;c;gcc;crt;nosys;gcc;gcc]
  implicit dirs: [/opt/ti/msp430-gcc/lib/gcc/msp430-elf/9.3.1;/opt/ti/msp430-gcc/lib/gcc;/opt/ti/msp430-gcc/msp430-elf/lib]
  implicit fwks: []


Detecting CXX compiler ABI info compiled with the following output:
Change Dir: /home/robert/gpsdo/msp430/build/CMakeFiles/CMakeTmp

Run Build Command(s):/usr/bin/gmake cmTC_9dd15/fast && /usr/bin/gmake -f CMakeFiles/cmTC_9dd15.dir/build.make CMakeFiles/cmTC_9dd15.dir/build
gmake[1]: Entering directory '/home/robert/gpsdo/msp430/build/CMakeFiles/CMakeTmp'
Building CXX object CMakeFiles/cmTC_9dd15.dir/CMakeCXXCompilerABI.cpp.obj
/opt/ti/msp430-gcc/bin/msp430-elf-g++    -v -o CMakeFiles/cmTC_9dd15.dir/CMakeCXXCompilerABI.cpp.obj -c /usr/share/cmake-3.16/Modules/CMakeCXXCompilerABI.cpp
Using built-in specs.
COLLECT_GCC=/opt/ti/msp430-gcc/bin/msp430-elf-g++
Target: msp430-elf
Configured with: ../../gcc/configure --target=msp430-elf --enable-languages=c,c++ --disable-nls --enable-initfini-array --build=x86_64-pc-linux-gnu --host=x86_64-pc-linux-gnu --enable-target-optspace --enable-newlib-nano-formatted-io --with-pkgversion='Mitto Systems Limited - msp430-gcc 9.3.1.11'
Thread model: single
gcc version 9.3.1 (Mitto Systems Limited - msp430-gcc 9.3.1.11) 
COLLECT_GCC_OPTIONS='-v' '-o' 'CMakeFiles/cmTC_9dd15.dir/CMakeCXXCompilerABI.cpp.obj' '-c'
 /opt/ti/msp430-gcc/bin/../libexec/gcc/msp430-elf/9.3.1/cc1plus -quiet -v -iprefix /opt/ti/msp430-gcc/bin/../lib/gcc/msp430-elf/9.3.1/ /usr/share/cmake-3.16/Modules/CMakeCXXCompilerABI.cpp -quiet -dumpbase CMakeCXXCompilerABI.cpp -auxbase-strip CMakeFiles/cmTC_9dd15.dir/CMakeCXXCompilerABI.cpp.obj -version -fno-exceptions -o /tmp/cc63NIEz.s
GNU C++14 (Mitto Systems Limited - msp430-gcc 9.3.1.11) version 9.3.1 (msp430-elf)
	compiled by GNU C version 4.8.5 20150623 (Red Hat 4.8.5-39), GMP version 6.1.0, MPFR version 3.1.4, MPC version 1.0.3, isl version isl-0.18-GMP

GGC heuristics: --param ggc-min-expand=100 --param ggc-min-heapsize=131072
ignoring nonexistent directory "/opt/ti/msp430-gcc/bin/../lib/gcc/msp430-elf/9.3.1/../../../../msp430-elf/sys-include"
ignoring duplicate directory "/opt/ti/msp430-gcc/bin/../lib/gcc/../../lib/gcc/msp430-elf/9.3.1/../../../../msp430-elf/include/c++/9.3.1"
ignoring duplicate directory "/opt/ti/msp430-gcc/bin/../lib/gcc/../../lib/gcc/msp430-elf/9.3.1/../../../../msp430-elf/include/c++/9.3.1/msp430-elf"
ignoring duplicate directory "/opt/ti/msp430-gcc/bin/../lib/gcc/../../lib/gcc/msp430-elf/9.3.1/../../../../msp430-elf/include/c++/9.3.1/backward"
ignoring duplicate directory "/opt/ti/msp430-gcc/bin/../lib/gcc/../../lib/gcc/msp430-elf/9.3.1/include"
ignoring duplicate directory "/opt/ti/msp430-gcc/bin/../lib/gcc/../../lib/gcc/msp430-elf/9.3.1/include-fixed"
ignoring nonexistent directory "/opt/ti/msp430-gcc/bin/../lib/gcc/../../lib/gcc/msp430-elf/9.3.1/../../../../msp430-elf/sys-include"
ignoring duplicate directory "/opt/ti/msp430-gcc/bin/../lib/gcc/../../lib/gcc/msp430-elf/9.3.1/../../../../msp430-elf/include"
#include "..." search starts here:
#include <...> search starts here:
 /opt/ti/msp430-gcc/bin/../lib/gcc/msp430-elf/9.3.1/../../../../msp430-elf/include/c++/9.3.1
 /opt/ti/msp430-gcc/bin/../lib/gcc/msp430-elf/9.3.1/../../../../msp430-elf/include/c++/9.3.1/msp430-elf
 /opt/ti/msp430-gcc/bin/../lib/gcc/msp430-elf/9.3.1/../../../../msp430-elf/include/c++/9.3.1/backward
 /opt/ti/msp430-gcc/bin/../lib/gcc/msp430-elf/9.3.1/include
 /opt/ti/msp430-gcc/bin/../lib/gcc/msp430-elf/9.3.1/include-fixed
 /opt/ti/msp430-gcc/bin/../lib/gcc/msp430-elf/9.3.1/../../../../msp430-elf/include
End of search list.
GNU C++14 (Mitto Systems Limited - msp430-gcc 9.3.1.11) version 9.3.1 (msp430-elf)
	compiled by GNU C version 4.8.5 20150623 (Red Hat 4.8.5-39), GMP version 6.1.0, MPFR version 3.1.4, MPC version 1.0.3, isl version isl-0.18-GMP

GGC heuristics: --param ggc-min-expand=100 --param ggc-min-heapsize=131072
Compiler executable checksum: 0403d486e0a7a38abfec27a125af5780
COLLECT_GCC_OPTIONS='-v' '-o' 'CMakeFiles/cmTC_9dd15.dir/CMakeCXXCompilerABI.cpp.obj' '-c'
 /opt/ti/msp430-gcc/bin/../lib/gcc/msp430-elf/9.3.1/../../../../msp430-elf/bin/as --traditional-format -mP -o CMakeFiles/cmTC_9dd15.dir/CMakeCXXCompilerABI.cpp.obj /tmp/cc63NIEz.s
COMPILER_PATH=/opt/ti/msp430-gcc/bin/../libexec/gcc/msp430-elf/9.3.1/:/opt/ti/msp430-gcc/bin/../libexec/gcc/:/opt/ti/msp430-gcc/bin/../lib/gcc/msp430-elf/9.3.1/../../../../msp430-elf/bin/
LIBRARY_PATH=/opt/ti/msp430-gcc/bin/../lib/gcc/msp430-elf/9.3.1/:/opt/ti/msp430-gcc/bin/../lib/gcc/:/opt/ti/msp430-gcc/bin/../lib/gcc/msp430-elf/9.3.1/../../../../msp430-elf/lib/
COLLECT_GCC_OPTIONS='-v' '-o' 'CMakeFiles/cmTC_9dd15.dir/CMakeCXXCompilerABI.cpp.obj' '-c'
Linking CXX executable cmTC_9dd15
/usr/bin/cmake -E cmake_link_script CMakeFiles/cmTC_9dd15.dir/link.txt --verbose=1
/opt/ti/msp430-gcc/bin/msp430-elf-g++      -v CMakeFiles/cmTC_9dd15.dir/CMakeCXXCompilerABI.cpp.obj  -o cmTC_9dd15 
Using built-in specs.
COLLECT_GCC=/opt/ti/msp430-gcc/bin/msp430-elf-g++
COLLECT_LTO_WRAPPER=/opt/ti/msp430-gcc/bin/../libexec/gcc/msp430-elf/9.3.1/lto-wrapper
Target: msp430-elf
Configured with: ../../gcc/configure --target=msp430-elf --enable-languages=c,c++ --disable-nls --enable-initfini-array --build=x86_64-pc-linux-gnu --host=x86_64-pc-linux-gnu --enable-target-optspace --enable-newlib-nano-formatted-io --with-pkgversion='Mitto Systems Limited - msp430-gcc 9.3.1.11'
Thread model: single
gcc version 9.3.1 (Mitto Systems Limited - msp430-gcc 9.3.1.11) 
COMPILER_PATH=/opt/ti/msp430-gcc/bin/../libexec/gcc/msp430-elf/9.3.1/:/opt/ti/msp430-gcc/bin/../libexec/gcc/:/opt/ti/msp430-gcc/bin/../lib/gcc/msp430-elf/9.3.1/../../../../msp430-elf/bin/
LIBRARY_PATH=/opt/ti/msp430-gcc/bin/../lib/gcc/msp430-elf/9.3.1/:/opt/ti/msp430-gcc/bin/../lib/gcc/:/opt/ti/msp430-gcc/bin/../lib/gcc/msp430-elf/9.3.1/../../../../msp430-elf/lib/
COLLECT_GCC_OPTIONS='-v' '-o' 'cmTC_9dd15'
 /opt/ti/msp430-gcc/bin/../libexec/gcc/msp430-elf/9.3.1/collect2 -plugin /opt/ti/msp430-gcc/bin/../libexec/gcc/msp430-elf/9.3.1/liblto_plugin.so -plugin-opt=/opt/ti/msp430-gcc/bin/../libexec/gcc/msp430-elf/9.3.1/lto-wrapper -plugin-opt=-fresolution=/tmp/cc5571w0.res -plugin-opt=-pass-through=-lgcc -plugin-opt=-pass-through=-lmul_none -plugin-opt=-pass-through=-lc -plugin-opt=-pass-through=-lgcc -plugin-opt=-pass-through=-lcrt -plugin-opt=-pass-through=-lnosys -plugin-opt=-pass-through=-lgcc --gc-sections -o cmTC_9dd15 /opt/ti/msp430-gcc/bin/../lib/gcc/msp430-elf/9.3.1/../../../../msp430-elf/lib/crt0.o /opt/ti/msp430-gcc/bin/../lib/gcc/msp430-elf/9.3.1/crtbegin_no_eh.o -L/opt/ti/msp430-gcc/bin/../lib/gcc/msp430-elf/9.3.1 -L/opt/ti/msp430-gcc/bin/../lib/gcc -L/opt/ti/msp430-gcc/bin/../lib/gcc/msp430-elf/9.3.1/../../../../msp430-elf/lib CMakeFiles/cmTC_9dd15.dir/CMakeCXXCompilerABI.cpp.obj -lstdc++ -lm -lgcc --start-group -lmul_none -lc -lgcc -lcrt -lnosys --end-group -lgcc /opt/ti/msp430-gcc/bin/../lib/gcc/msp430-elf/9.3.1/crtend_no_eh.o -lgcc
COLLECT_GCC_OPTIONS='-v' '-o' 'cmTC_9dd15'
gmake[1]: Leaving directory '/home/robert/gpsdo/msp430/build/CMakeFiles/CMakeTmp'



Parsed CXX implicit include dir info from above output: rv=done
  found start of include info
  found start of implicit include info
    add: [/opt/ti/msp430-gcc/bin/../lib/gcc/msp430-elf/9.3.1/../../../../msp430-elf/include/c++/9.3.1]
    add: [/opt/ti/msp430-gcc/bin/../lib/gcc/msp430-elf/9.3.1/../../../../msp430-elf/include/c++/9.3.1/msp430-elf]
    add: [/opt/ti/msp430-gcc/bin/../lib/gcc/msp430-elf/9.3.1/../../../../msp430-elf/include/c++/9.3.1/backward]
    add: [/opt/ti/msp430-gcc/bin/../lib/gcc/msp430-elf/9.3.1/include]
    add: [/opt/ti/msp430-gcc/bin/../lib/gcc/msp430-elf/9.3.1/include-fixed]
    add: [/opt/ti/msp430-gcc/bin/../lib/gcc/msp430-elf/9.3.1/../../../../msp430-elf/include]
  end of search list found
  collapse include dir [/opt/ti/msp430-gcc/bin/../lib/gcc/msp430-elf/9.3.1/../../../../msp430-elf/include/c++/9.3.1] ==> [/opt/ti/msp430-gcc/msp430-elf/include/c++/9.3.1]
  collapse include dir [/opt/ti/msp430-gcc/bin/../lib/gcc/msp430-elf/9.3.1/../../../../msp430-elf/include/c++/9.3.1/msp430-elf] ==> [/opt/ti/msp430-gcc/msp430-elf/include/c++/9.3.1/msp430-elf]
  collapse include dir [/opt/ti/msp430-gcc/bin/../lib/gcc/msp430-elf/9.3.1/../../../../msp430-elf/include/c++/9.3.1/backward] ==> [/opt/ti/msp430-gcc/msp430-elf/include/c++/9.3.1/backward]
  collapse include dir [/opt/ti/msp430-gcc/bin/../lib/gcc/msp430-elf/9.3.1/include] ==> [/opt/ti/msp430-gcc/lib/gcc/msp430-elf/9.3.1/include]
  collapse include dir [/opt/ti/msp430-gcc/bin/../lib/gcc/msp430-elf/9.3.1/include-fixed] ==> [/opt/ti/msp430-gcc/lib/gcc/msp430-elf/9.3.1/include-fixed]
  collapse include dir [/opt/ti/msp430-gcc/bin/../lib/gcc/msp430-elf/9.3.1/../../../../msp430-elf/include] ==> [/opt/ti/msp430-gcc/msp430-elf/include]
  implicit include dirs: [/opt/ti/msp430-gcc/msp430-elf/include/c++/9.3.1;/opt/ti/msp430-gcc/msp430-elf/include/c++/9.3.1/msp430-elf;/opt/ti/msp430-gcc/msp430-elf/include/c++/9.3.1/backward;/opt/ti/msp430-gcc/lib/gcc/msp430-elf/9.3.1/include;/opt/ti/msp430-gcc/lib/gcc/msp430-elf/9.3.1/include-fixed;/opt/ti/msp430-gcc/msp430-elf/include]


Parsed CXX implicit link information from above output:
  link line regex: [^( *|.*[/\])(msp430-elf-ld|CMAKE_LINK_STARTFILE-NOTFOUND|([^/\]+-)?ld|collect2)[^/\]*( |$)]
  ignore line: [Change Dir: /home/robert/gpsdo/msp430/build/CMakeFiles/CMakeTmp]
  ignore line: []
  ignore line: [Run Build Command(s):/usr/bin/gmake cmTC_9dd15/fast && /usr/bin/gmake -f CMakeFiles/cmTC_9dd15.dir/build.make CMakeFiles/cmTC_9dd15.dir/build]
  ignore line: [gmake[1]: Entering directory '/home/robert/gpsdo/msp430/build/CMakeFiles/CMakeTmp']
  ignore line: [Building CXX object CMakeFiles/cmTC_9dd15.dir/CMakeCXXCompilerABI.cpp.obj]
  ignore line: [/opt/ti/msp430-gcc/bin/msp430-elf-g++    -v -o CMakeFiles/cmTC_9dd15.dir/CMakeCXXCompilerABI.cpp.obj -c /usr/share/cmake-3.16/Modules/CMakeCXXCompilerABI.cpp]
  ignore line: [Using built-in specs.]
  ignore line: [COLLECT_GCC=/opt/ti/msp430-gcc/bin/msp430-elf-g++]
  ignore line: [Target: msp430-elf]
  ignore line: [Configured with: ../../gcc/configure --target=msp430-elf --enable-languages=c c++ --disable-nls --enable-initfini-array --build=x86_64-pc-linux-gnu --host=x86_64-pc-linux-gnu --enable-target-optspace --enable-newlib-nano-formatted-io --with-pkgversion='Mitto Systems Limited - msp430-gcc 9.3.1.11']
  ignore line: [Thread model: single]
  ignore line: [gcc version 9.3.1 (Mitto Systems Limited - msp430-gcc 9.3.1.11) ]
  ignore line: [COLLECT_GCC_OPTIONS='-v' '-o' 'CMakeFiles/cmTC_9dd15.dir/CMakeCXXCompilerABI.cpp.obj' '-c']
  ignore line: [ /opt/ti/msp430-gcc/bin/../libexec/gcc/msp430-elf/9.3.1/cc1plus -quiet -v -iprefix /opt/ti/msp430-gcc/bin/../lib/gcc/msp430-elf/9.3.1/ /usr/share/cmake-3.16/Modules/CMakeCXXCompilerABI.cpp -quiet -dumpbase CMakeCXXCompilerABI.cpp -auxbase-strip CMakeFiles/cmTC_9dd15.dir/CMakeCXXCompilerABI.cpp.obj -version -fno-exceptions -o /tmp/cc63NIEz.s]
  ignore line: [GNU C++14 (Mitto Systems Limited - msp430-gcc 9.3.1.11) version 9.3.1 (msp430-elf)]
  ignore line: [	compiled by GNU C version 4.8.5 20150623 (Red Hat 4.8.5-39)  GMP version 6.1.0  MPFR version 3.1.4  MPC version 1.0.3  isl version isl-0.18-GMP]
  ignore line: []
  ignore line: [GGC heuristics: --param ggc-min-expand=100 --param ggc-min-heapsize=131072]
  ignore line: [ignoring nonexistent directory "/opt/ti/msp430-gcc/bin/../lib/gcc/msp430-elf/9.3.1/../../../../msp430-elf/sys-include"]
  ignore line: [ignoring duplicate directory "/opt/ti/msp430-gcc/bin/../lib/gcc/../../lib/gcc/msp430-elf/9.3.1/../../../../msp430-elf/include/c++/9.3.1"]
  ignore line: [ignoring duplicate directory "/opt/ti/msp430-gcc/bin/../lib/gcc/../../lib/gcc/msp430-elf/9.3.1/../../../../msp430-elf/include/c++/9.3.1/msp430-elf"]
  ignore line: [ignoring duplicate directory "/opt/ti/msp430-gcc/bin/../lib/gcc/../../lib/gcc/msp430-elf/9.3.1/../../../../msp430-elf/include/c++/9.3.1/backward"]
  ignore line: [ignoring duplicate directory "/opt/ti/msp430-gcc/bin/../lib/gcc/../../lib/gcc/msp430-elf/9.3.1/include"]
  ignore line: [ignoring duplicate directory "/opt/ti/msp430-gcc/bin/../lib/gcc/../../lib/gcc/msp430-elf/9.3.1/include-fixed"]
  ignore line: [ignoring nonexistent directory "/opt/ti/msp430-gcc/bin/../lib/gcc/../../lib/gcc/msp430-elf/9.3.1/../../../../msp430-elf/sys-include"]
  ignore line: [ignoring duplicate directory "/opt/ti/msp430-gcc/bin/../lib/gcc/../../lib/gcc/msp430-elf/9.3.1/../../../../msp430-elf/include"]
  ignore line: [#include "..." search starts here:]
  ignore line: [#include <...> search starts here:]
  ignore line: [ /opt/ti/msp430-gcc/bin/../lib/gcc/msp430-elf/9.3.1/../../../../msp430-elf/include/c++/9.3.1]
  ignore line: [ /opt/ti/msp430-gcc/bin/../lib/gcc/msp430-elf/9.3.1/../../../../msp430-elf/include/c++/9.3.1/msp430-elf]
  ignore line: [ /opt/ti/msp430-gcc/bin/../lib/gcc/msp430-elf/9.3.1/../../../../msp430-elf/include/c++/9.3.1/backward]
  ignore line: [ /opt/ti/msp430-gcc/bin/../lib/gcc/msp430-elf/9.3.1/include]
  ignore line: [ /opt/ti/msp430-gcc/bin/../lib/gcc/msp430-elf/9.3.1/include-fixed]
  ignore line: [ /opt/ti/msp430-gcc/bin/../lib/gcc/msp430-elf/9.3.1/../../../../msp430-elf/include]
  ignore line: [End of search list.]
  ignore line: [GNU C++14 (Mitto Systems Limited - msp430-gcc 9.3.1.11) version 9.3.1 (msp430-elf)]
  ignore line: [	compiled by GNU C version 4.8.5 20150623 (Red Hat 4.8.5-39)  GMP version 6.1.0  MPFR version 3.1.4  MPC version 1.0.3  isl version isl-0.18-GMP]
  ignore line: []
  ignore line: [GGC heuristics: --param ggc-min-expand=100 --param ggc-min-heapsize=131072]
  ignore line: [Compiler executable checksum: 0403d486e0a7a38abfec27a125af5780]
  ignore line: [COLLECT_GCC_OPTIONS='-v' '-o' 'CMakeFiles/cmTC_9dd15.dir/CMakeCXXCompilerABI.cpp.obj' '-c']
  ignore line: [ /opt/ti/msp430-gcc/bin/../lib/gcc/msp430-elf/9.3.1/../../../../msp430-elf/bin/as --traditional-format -mP -o CMakeFiles/cmTC_9dd15.dir/CMakeCXXCompilerABI.cpp.obj /tmp/cc63NIEz.s]
  ignore line: [COMPILER_PATH=/opt/ti/msp430-gcc/bin/../libexec/gcc/msp430-elf/9.3.1/:/opt/ti/msp430-gcc/bin/../libexec/gcc/:/opt/ti/msp430-gcc/bin/../lib/gcc/msp430-elf/9.3.1/../../../../msp430-elf/bin/]
  ignore line: [LIBRARY_PATH=/opt/ti/msp430-gcc/bin/../lib/gcc/msp430-elf/9.3.1/:/opt/ti/msp430-gcc/bin/../lib/gcc/:/opt/ti/msp430-gcc/bin/../lib/gcc/msp430-elf/9.3.1/../../../../msp430-elf/lib/]
  ignore line: [COLLECT_GCC_OPTIONS='-v' '-o' 'CMakeFiles/cmTC_9dd15.dir/CMakeCXXCompilerABI.cpp.obj' '-c']
  ignore line: [Linking CXX executable cmTC_9dd15]
  ignore line: [/usr/bin/cmake -E cmake_link_script CMakeFiles/cmTC_9dd15.dir/link.txt --verbose=1]
  ignore line: [/opt/ti/msp430-gcc/bin/msp430-elf-g++      -v CMakeFiles/cmTC_9dd15.dir/CMakeCXXCompilerABI.cpp.obj  -o cmTC_9dd15 ]
  ignore line: [Using built-in specs.]
  ignore line: [COLLECT_GCC=/opt/ti/msp430-gcc/bin/msp430-elf-g++]
  ignore line: [COLLECT_LTO_WRAPPER=/opt/ti/msp430-gcc/bin/../libexec/gcc/msp430-elf/9.3.1/lto-wrapper]
  ignore line: [Target: msp430-elf]
  ignore line: [Configured with: ../../gcc/configure --target=msp430-elf --enable-languages=c c++ --disable-nls --enable-initfini-array --build=x86_64-pc-linux-gnu --host=x86_64-pc-linux-gnu --enable-target-optspace --enable-newlib-nano-formatted-io --with-pkgversion='Mitto Systems Limited - msp430-gcc 9.3.1.11']
  ignore line: [Thread model: single]
  ignore line: [gcc version 9.3.1 (Mitto Systems Limited - msp430-gcc 9.3.1.11) ]
  ignore line: [COMPILER_PATH=/opt/ti/msp430-gcc/bin/../libexec/gcc/msp430-elf/9.3.1/:/opt/ti/msp430-gcc/bin/../libexec/gcc/:/opt/ti/msp430-gcc/bin/../lib/gcc/msp430-elf/9.3.1/../../../../msp430-elf/bin/]
  ignore line: [LIBRARY_PATH=/opt/ti/msp430-gcc/bin/../lib/gcc/msp430-elf/9.3.1/:/opt/ti/msp430-gcc/bin/../lib/gcc/:/opt/ti/msp430-gcc/bin/../lib/gcc/msp430-elf/9.3.1/../../../../msp430-elf/lib/]
  ignore line: [COLLECT_GCC_OPTIONS='-v' '-o' 'cmTC_9dd15']
  link line: [ /opt/ti/msp430-gcc/bin/../libexec/gcc/msp430-elf/9.3.1/collect2 -plugin /opt/ti/msp430-gcc/bin/../libexec/gcc/msp430-elf/9.3.1/liblto_plugin.so -plugin-opt=/opt/ti/msp430-gcc/bin/../libexec/gcc/msp430-elf/9.3.1/lto-wrapper -plugin-opt=-fresolution=/tmp/cc5571w0.res -plugin-opt=-pass-through=-lgcc -plugin-opt=-pass-through=-lmul_none -plugin-opt=-pass-through=-lc -plugin-opt=-pass-through=-lgcc -plugin-opt=-pass-through=-lcrt -plugin-opt=-pass-through=-lnosys -plugin-opt=-pass-through=-lgcc --gc-sections -o cmTC_9dd15 /opt/ti/msp430-gcc/bin/../lib/gcc/msp430-elf/9.3.1/../../../../msp430-elf/lib/crt0.o /opt/ti/msp430-gcc/bin/../lib/gcc/msp430-elf/9.3.1/crtbegin_no_eh.o -L/opt/ti/msp430-gcc/bin/../lib/gcc/msp430-elf/9.3.1 -L/opt/ti/msp430-gcc/bin/../lib/gcc -L/opt/ti/msp430-gcc/bin/../lib/gcc/msp430-elf/9.3.1/../../../../msp430-elf/lib CMakeFiles/cmTC_9dd15.dir/CMakeCXXCompilerABI.cpp.obj -lstdc++ -lm -lgcc --start-group -lmul_none -lc -lgcc -lcrt -lnosys --end-group -lgcc /opt/ti/msp430-gcc/bin/../lib/gcc/msp430-elf/9.3.1/crtend_no_eh.o -lgcc]
    arg [/opt/ti/msp430-gcc/bin/../libexec/gcc/msp430-elf/9.3.1/collect2] ==> ignore
    arg [-plugin] ==> ignore
    arg [/opt/ti/msp430-gcc/bin/../libexec/gcc/msp430-elf/9.3.1/liblto_plugin.so] ==> ignore
    arg [-plugin-opt=/opt/ti/msp430-gcc/bin/../libexec/gcc/msp430-elf/9.3.1/lto-wrapper] ==> ignore
    arg [-plugin-opt=-fresolution=/tmp/cc5571w0.res] ==> ignore
    arg [-plugin-opt=-pass-through=-lgcc] ==> ignore
    arg [-plugin-opt=-pass-through=-lmul_none] ==> ignore
    arg [-plugin-opt=-pass-through=-lc] ==> ignore
    arg [-plugin-opt=-pass-through=-lgcc] ==> ignore
    arg [-plugin-opt=-pass-through=-lcrt] ==> ignore
    arg [-plugin-opt=-pass-through=-lnosys] ==> ignore
    arg [-plugin-opt=-pass-through=-lgcc] ==> ignore
    arg [--gc-sections] ==> ignore
    arg [-o] ==> ignore
    arg [cmTC_9dd15] ==> ignore
    arg [/opt/ti/msp430-gcc/bin/../lib/gcc/msp430-elf/9.3.1/../../../../msp430-elf/lib/crt0.o] ==> ignore
    arg [/opt/ti/msp430-gcc/bin/../lib/gcc/msp430-elf/9.3.1/crtbegin_no_eh.o] ==> ignore
    arg [-L/opt/ti/msp430-gcc/bin/../lib/gcc/msp430-elf/9.3.1] ==> dir [/opt/ti/msp430-gcc/bin/../lib/gcc/msp430-elf/9.3.1]
    arg [-L/opt/ti/msp430-gcc/bin/../lib/gcc] ==> dir [/opt/ti/msp430-gcc/bin/../lib/gcc]
    arg [-L/opt/ti/msp430-gcc/bin/../lib/gcc/msp430-elf/9.3.1/../../../../msp430-elf/lib] ==> dir [/opt/ti/msp430-gcc/bin/../lib/gcc/msp430-elf/9.3.1/../../../../msp430-elf/lib]
    arg [CMakeFiles/cmTC_9dd15.dir/CMakeCXXCompilerABI.cpp.obj] ==> ignore
    arg [-lstdc++] ==> lib [stdc++]
    arg [-lm] ==> lib [m]
    arg [-lgcc] ==> lib [gcc]
    arg [--start-group] ==> ignore
    arg [-lmul_none] ==> lib [mul_none]
    arg [-lc] ==> lib [c]
    arg [-lgcc] ==> lib [gcc]
    arg [-lcrt] ==> lib [crt]
    arg [-lnosys] ==> lib [nosys]
    arg [--end-group] ==> ignore
    arg [-lgcc] ==> lib [gcc]
    arg [/opt/ti/msp430-gcc/bin/../lib/gcc/msp430-elf/9.3.1/crtend_no_eh.o] ==> ignore
    arg [-lgcc] ==> lib [gcc]
  collapse library dir [/opt/ti/msp430-gcc/bin/../lib/gcc/msp430-elf/9.3.1] ==> [/opt/ti/msp430-gcc/lib/gcc/msp430-elf/9.3.1]
  collapse library dir [/opt/ti/msp430-gcc/bin/../lib/gcc] ==> [/opt/ti/msp430-gcc/lib/gcc]
  collapse library dir [/opt/ti/msp430-gcc/bin/../lib/gcc/msp430-elf/9.3.1/../../../../msp430-elf/lib] ==> [/opt/ti/msp430-gcc/msp430-elf/lib]
  implicit libs: [stdc++;m;gcc;mul_none;c;gcc;crt;nosys;gcc;gcc]
  implicit dirs: [/opt/ti/msp430-gcc/lib/gcc/msp430-elf/9.3.1;/opt/ti/msp430-gcc/lib/gcc;/opt/ti/msp430-gcc/msp430-elf/lib]
  implicit fwks: []


